<?xml version="1.0" encoding="UTF-8"?>
<!-- Generated by org.testng.reporters.JUnitXMLReporter -->
<testsuite ignored="12" hostname="MacBook-Pro-alkhas-b-OO.local" failures="0" tests="5" name="ListTestSuite" time="277.841" errors="0" timestamp="25 Apr 2020 14:49:58 GMT">
  <testcase classname="testing.AddToSavedList" name="TestAddToSavedList" time="80.361"/>
  <testcase classname="testing.AddToCustomizedList" name="TestAddToCustomizedList" time="18.389"/>
  <testcase classname="testing.RemoveFromCustomizedList" name="TestRemoveFromCustomizedList" time="3.157"/>
  <testcase classname="testing.RemoveFromSavedList" name="TestRemoveFromSavedList" time="5.196"/>
  <testcase classname="testing.UndoRemove" name="TestUndoRemove" time="6.224"/>
  <testcase classname="testing.OpenWebsite" name="@AfterSuite testCloseBrowser" time="0.0">
    <ignored/>
  </testcase> <!-- @AfterSuite testCloseBrowser -->
  <testcase classname="testing.OpenWebsite" name="@AfterSuite testCloseBrowser" time="0.0">
    <ignored/>
  </testcase> <!-- @AfterSuite testCloseBrowser -->
  <testcase classname="testing.OpenWebsite" name="@AfterSuite testCloseBrowser" time="0.0">
    <ignored/>
  </testcase> <!-- @AfterSuite testCloseBrowser -->
  <testcase classname="testing.OpenWebsite" name="@AfterSuite testCloseBrowser" time="0.0">
    <ignored/>
  </testcase> <!-- @AfterSuite testCloseBrowser -->
  <testcase classname="testing.OpenWebsite" name="@AfterSuite testCloseBrowser" time="0.0">
    <ignored/>
  </testcase> <!-- @AfterSuite testCloseBrowser -->
  <testcase classname="testing.OpenWebsite" name="@AfterSuite testCloseBrowser" time="0.0">
    <ignored/>
  </testcase> <!-- @AfterSuite testCloseBrowser -->
  <testcase classname="testing.OpenWebsite" name="@BeforeSuite testOpenURL" time="0.0">
    <ignored/>
  </testcase> <!-- @BeforeSuite testOpenURL -->
  <testcase classname="testing.OpenWebsite" name="@BeforeSuite testOpenURL" time="0.0">
    <ignored/>
  </testcase> <!-- @BeforeSuite testOpenURL -->
  <testcase classname="testing.OpenWebsite" name="@BeforeSuite testOpenURL" time="0.0">
    <ignored/>
  </testcase> <!-- @BeforeSuite testOpenURL -->
  <testcase classname="testing.OpenWebsite" name="@BeforeSuite testOpenURL" time="0.0">
    <ignored/>
  </testcase> <!-- @BeforeSuite testOpenURL -->
  <testcase classname="testing.OpenWebsite" name="@BeforeSuite testOpenURL" time="0.0">
    <ignored/>
  </testcase> <!-- @BeforeSuite testOpenURL -->
  <testcase classname="testing.OpenWebsite" name="@BeforeSuite testOpenURL" time="0.0">
    <ignored/>
  </testcase> <!-- @BeforeSuite testOpenURL -->
</testsuite> <!-- ListTestSuite -->
